{
  "RSpec": {
    "coverage": {
      "C:/STUDIA/5sem/REPOZYTORIA/ruby_with_travis_ci/lib/acronym.rb": [
        null,
        1,
        1,
        47,
        null,
        null
      ],
      "C:/STUDIA/5sem/REPOZYTORIA/ruby_with_travis_ci/lib/book_store.rb": [
        1,
        1,
        1,
        1,
        1,
        1,
        null,
        null,
        1,
        null,
        1,
        137,
        null,
        null,
        1,
        137,
        30,
        900,
        842,
        null,
        null,
        null,
        null,
        1,
        15,
        null,
        null,
        1,
        15,
        null,
        null,
        null,
        null
      ],
      "C:/STUDIA/5sem/REPOZYTORIA/ruby_with_travis_ci/lib/difference_of_squares.rb": [
        null,
        null,
        null,
        1,
        1,
        9,
        null,
        null,
        1,
        6,
        6,
        212,
        null,
        6,
        null,
        null,
        1,
        6,
        6,
        212,
        null,
        6,
        null,
        null,
        1,
        3,
        null,
        null
      ],
      "C:/STUDIA/5sem/REPOZYTORIA/ruby_with_travis_ci/lib/grains.rb": [
        null,
        1,
        1,
        74,
        71,
        null,
        null,
        1,
        1,
        1,
        64,
        null,
        1,
        null,
        null
      ],
      "C:/STUDIA/5sem/REPOZYTORIA/ruby_with_travis_ci/lib/hamming.rb": [
        null,
        1,
        1,
        7,
        null,
        32,
        5,
        null,
        null
      ],
      "C:/STUDIA/5sem/REPOZYTORIA/ruby_with_travis_ci/lib/high_scores.rb": [
        null,
        1,
        1,
        1,
        10,
        10,
        10,
        10,
        null,
        null,
        1,
        2,
        null,
        null
      ],
      "C:/STUDIA/5sem/REPOZYTORIA/ruby_with_travis_ci/lib/matrix.rb": [
        null,
        1,
        1,
        1,
        21,
        6,
        null,
        null
      ],
      "C:/STUDIA/5sem/REPOZYTORIA/ruby_with_travis_ci/lib/minesweeper.rb": [
        null,
        1,
        null,
        1,
        12,
        71,
        null,
        71,
        11,
        10,
        null,
        9,
        9,
        39,
        39,
        183,
        183,
        null,
        null,
        39,
        null,
        57,
        null,
        null,
        1,
        76,
        76,
        76,
        76,
        76,
        76,
        76,
        76,
        76,
        null,
        76,
        null,
        null,
        1,
        73,
        73,
        65,
        65,
        11,
        null,
        null,
        1,
        352,
        null,
        null,
        null
      ],
      "C:/STUDIA/5sem/REPOZYTORIA/ruby_with_travis_ci/lib/raindrops.rb": [
        null,
        1,
        1,
        18,
        null,
        3535,
        18,
        18,
        18,
        18,
        18,
        null,
        null
      ],
      "C:/STUDIA/5sem/REPOZYTORIA/ruby_with_travis_ci/lib/rna_transcription.rb": [
        null,
        null,
        1,
        null,
        1,
        null,
        null,
        null,
        null,
        null,
        1,
        22,
        null,
        null
      ],
      "C:/STUDIA/5sem/REPOZYTORIA/ruby_with_travis_ci/lib/run_length_encoding.rb": [
        null,
        1,
        1,
        7,
        null,
        102,
        35,
        35,
        6,
        35,
        35,
        null,
        null,
        1,
        33,
        30,
        7,
        7,
        7,
        7,
        18,
        18,
        null,
        7,
        null,
        null
      ],
      "C:/STUDIA/5sem/REPOZYTORIA/ruby_with_travis_ci/lib/secret_handshake.rb": [
        null,
        1,
        1,
        8,
        8,
        null,
        null,
        1,
        8,
        7,
        null,
        22,
        7,
        7,
        7,
        null,
        null
      ],
      "C:/STUDIA/5sem/REPOZYTORIA/ruby_with_travis_ci/lib/series.rb": [
        null,
        1,
        1,
        15,
        null,
        null,
        1,
        16,
        106,
        null,
        null
      ],
      "C:/STUDIA/5sem/REPOZYTORIA/ruby_with_travis_ci/lib/strings_integers.rb": [
        null,
        null,
        1,
        2,
        null
      ],
      "C:/STUDIA/5sem/REPOZYTORIA/ruby_with_travis_ci/lib/sum_of_multiples.rb": [
        null,
        1,
        1,
        15,
        15,
        null,
        null,
        1,
        15,
        31444,
        null,
        15,
        null,
        null,
        1,
        104394,
        null,
        null
      ],
      "C:/STUDIA/5sem/REPOZYTORIA/ruby_with_travis_ci/lib/transpose.rb": [
        null,
        1,
        1,
        35,
        10,
        10,
        10,
        10,
        null,
        null,
        1,
        10,
        35,
        null,
        null,
        null
      ],
      "C:/STUDIA/5sem/REPOZYTORIA/ruby_with_travis_ci/lib/twelve_days.rb": [
        null,
        1,
        1,
        null,
        1,
        null,
        null,
        1,
        null,
        null,
        null,
        null,
        null,
        null,
        null,
        null,
        null,
        null,
        null,
        null,
        1,
        1,
        null,
        null,
        null
      ],
      "C:/STUDIA/5sem/REPOZYTORIA/ruby_with_travis_ci/lib/two_fer.rb": [
        null,
        1,
        1,
        3,
        null,
        null
      ]
    },
    "timestamp": 1572864464
  }
}
